Left: Incredible Stories
12/23/19 19:32:49
Left: ~admin
12/23/19 19:33:47
Left: Incredible Stories
12/23/19 19:35:52
Left: ~cindy long
12/23/19 19:51:22
Left: Traveling in Europe
12/23/19 20:11:53
Left: ~admin
12/23/19 20:17:00
Left: Who consider facebook only as a starting point
12/23/19 20:52:43
Left: ~admin
12/23/19 20:57:04
Left: Who consider facebook only as a starting point
12/23/19 20:58:30
Left: ~jane doe
12/23/19 21:10:38
Left: Funny Fake News
12/23/19 21:12:02
Left: Channel With Long Title and Lenghty Messages
12/23/19 21:12:21
Left: Vanilla JavaScript rocks
12/23/19 21:16:39
Left: Who consider facebook only as a starting point
12/23/19 21:42:43
